<?xml version="1.0" encoding="UTF-8"?>
<!-- Generated by org.testng.reporters.JUnitReportReporter -->
<testsuite hostname="LAPTOP-GFV4JI32" failures="0" tests="7" name="assignments_may22.AllTests" time="73.709" errors="0" timestamp="25 May 2021 08:44:23 GMT" skipped="0">
  <testcase classname="assignments_may22.AllTests" name="scenario1" time="19.000"/>
  <testcase classname="assignments_may22.AllTests" name="scenario2" time="12.822"/>
  <testcase classname="assignments_may22.AllTests" name="scenario3" time="14.077"/>
  <testcase classname="assignments_may22.AllTests" name="scenario4" time="3.145"/>
  <testcase classname="assignments_may22.AllTests" name="scenario5" time="3.781"/>
  <testcase classname="assignments_may22.AllTests" name="scenario6" time="3.126"/>
  <testcase classname="assignments_may22.AllTests" name="scenario7" time="17.758"/>
</testsuite> <!-- assignments_may22.AllTests -->
