<?xml version="1.0" encoding="UTF-8"?>
<!-- Generated by org.testng.reporters.JUnitReportReporter -->
<testsuite hostname="aVis-mach1ne" failures="0" tests="1" name="TestNG_Inheritance.inheritance_ParentClass" time="0.007" errors="0" timestamp="08 Feb 2022 06:09:02 GMT" skipped="0">
  <testcase classname="TestNG_Inheritance.inheritance_ParentClass" name="superTestNgMethod" time="0.007"/>
</testsuite> <!-- TestNG_Inheritance.inheritance_ParentClass -->
