<?xml version="1.0" encoding="UTF-8"?>
<!-- Generated by org.testng.reporters.JUnitReportReporter -->
<testsuite hostname="aVis-mach1ne" failures="0" tests="2" name="TestNG.testClasses_tests" time="0.008" errors="0" timestamp="08 Feb 2022 05:57:26 GMT" skipped="0">
  <testcase classname="TestNG.testClasses_tests" name="assert1Test" time="0.007"/>
  <testcase classname="TestNG.testClasses_tests" name="assert2Test" time="0.001"/>
</testsuite> <!-- TestNG.testClasses_tests -->
