<?xml version="1.0" encoding="UTF-8"?>
<!-- Generated by org.testng.reporters.JUnitReportReporter -->
<testsuite hostname="LAPTOP-GFV4JI32" failures="0" tests="7" name="may_22.AllTests" time="70.757" errors="0" timestamp="23 May 2021 16:08:41 GMT" skipped="0">
  <testcase classname="may_22.AllTests" name="scenario1" time="15.957"/>
  <testcase classname="may_22.AllTests" name="scenario2" time="17.615"/>
  <testcase classname="may_22.AllTests" name="scenario3" time="11.166"/>
  <testcase classname="may_22.AllTests" name="scenario4" time="3.122"/>
  <testcase classname="may_22.AllTests" name="scenario5" time="3.123"/>
  <testcase classname="may_22.AllTests" name="scenario6" time="3.132"/>
  <testcase classname="may_22.AllTests" name="scenario7" time="16.642"/>
</testsuite> <!-- may_22.AllTests -->
