<?xml version="1.0" encoding="UTF-8"?>
<!-- Generated by org.testng.reporters.JUnitReportReporter -->
<testsuite hostname="aVis-mach1ne" failures="0" tests="1" name="selenium.Window_switching" time="17.084" errors="0" timestamp="09 Feb 2022 08:13:21 GMT" skipped="0">
  <testcase classname="selenium.Window_switching" name="Scenario" time="17.084"/>
</testsuite> <!-- selenium.Window_switching -->
