<?xml version="1.0" encoding="UTF-8"?>
<!-- Generated by org.testng.reporters.JUnitReportReporter -->
<testsuite hostname="aVis-mach1ne" failures="0" tests="1" name="selenium.JavaScriptExecutors" time="17.887" errors="0" timestamp="09 Feb 2022 09:43:13 GMT" skipped="0">
  <testcase classname="selenium.JavaScriptExecutors" name="Scenario" time="17.887"/>
</testsuite> <!-- selenium.JavaScriptExecutors -->
