<?xml version="1.0" encoding="UTF-8"?>
<!-- Generated by org.testng.reporters.JUnitReportReporter -->
<testsuite hostname="aVis-mach1ne" failures="0" tests="3" name="TestNG.DataDrivenTests" time="0.013" errors="0" timestamp="08 Feb 2022 08:01:48 GMT" skipped="0">
  <testcase classname="TestNG.DataDrivenTests" name="sampleTest" time="0.001"/>
  <testcase classname="TestNG.DataDrivenTests" name="sampleTest" time="0.002"/>
  <testcase classname="TestNG.DataDrivenTests" name="sampleTest" time="0.010"/>
</testsuite> <!-- TestNG.DataDrivenTests -->
