<?xml version="1.0" encoding="UTF-8"?>
<!-- Generated by org.testng.reporters.JUnitReportReporter -->
<testsuite hostname="aVis-mach1ne" failures="0" tests="1" name="TestNG.Groups_Priorities_Parameterized_Tests" time="0.007" errors="0" timestamp="08 Feb 2022 06:47:38 GMT" skipped="0">
  <testcase classname="TestNG.Groups_Priorities_Parameterized_Tests" name="parameterizedTest" time="0.007"/>
</testsuite> <!-- TestNG.Groups_Priorities_Parameterized_Tests -->
