<?xml version="1.0" encoding="UTF-8"?>
<!-- Generated by org.testng.reporters.JUnitReportReporter -->
<testsuite hostname="aVis-mach1ne" failures="0" tests="1" name="selenium.Screenshot" time="11.944" errors="0" timestamp="09 Feb 2022 08:52:58 GMT" skipped="0">
  <testcase classname="selenium.Screenshot" name="Scenario" time="11.944"/>
</testsuite> <!-- selenium.Screenshot -->
