<?xml version="1.0" encoding="UTF-8"?>
<!-- Generated by org.testng.reporters.JUnitReportReporter -->
<testsuite hostname="aVis-mach1ne" failures="0" tests="1" name="selenium.xpath_child_parent_regex" time="33.902" errors="0" timestamp="2022-02-10T23:45:27 IST" skipped="0">
  <testcase classname="selenium.xpath_child_parent_regex" name="scenario1" time="33.902"/>
  <system-out/>
</testsuite> <!-- selenium.xpath_child_parent_regex -->
