<?xml version="1.0" encoding="UTF-8"?>
<!-- Generated by org.testng.reporters.JUnitReportReporter -->
<testsuite hostname="aVis-mach1ne" failures="0" tests="1" name="selenium.ActionsClass" time="15.098" errors="0" timestamp="2022-02-10T23:58:11 IST" skipped="0">
  <testcase classname="selenium.ActionsClass" name="Scenario" time="15.098"/>
  <system-out/>
</testsuite> <!-- selenium.ActionsClass -->
