<?xml version="1.0" encoding="UTF-8"?>
<!-- Generated by org.testng.reporters.JUnitReportReporter -->
<testsuite hostname="aVis-mach1ne" failures="0" tests="3" name="testNG.DataDrivenTests" time="0.002" errors="0" timestamp="2022-02-10T23:54:14 IST" skipped="0">
  <testcase classname="testNG.DataDrivenTests" name="sampleTest" time="0.001"/>
  <system-out/>
  <testcase classname="testNG.DataDrivenTests" name="sampleTest" time="0.001"/>
  <system-out/>
  <testcase classname="testNG.DataDrivenTests" name="sampleTest" time="0.000"/>
  <system-out/>
</testsuite> <!-- testNG.DataDrivenTests -->
