<?xml version="1.0" encoding="UTF-8"?>
<!-- Generated by org.testng.reporters.JUnitReportReporter -->
<testsuite hostname="aVis-mach1ne" failures="0" tests="1" name="selenium.Forms_TextBox_Radio_CheckBox" time="30.121" errors="0" timestamp="2022-02-10T23:58:11 IST" skipped="0">
  <testcase classname="selenium.Forms_TextBox_Radio_CheckBox" name="scenario1" time="30.121"/>
  <system-out/>
</testsuite> <!-- selenium.Forms_TextBox_Radio_CheckBox -->
