<?xml version="1.0" encoding="UTF-8"?>
<!-- Generated by org.testng.reporters.JUnitReportReporter -->
<testsuite hostname="aVis-mach1ne" failures="0" tests="2" name="selenium.Alerts_messageBox_Frames" time="30.335" errors="0" timestamp="2022-02-10T23:58:11 IST" skipped="0">
  <testcase classname="selenium.Alerts_messageBox_Frames" name="Frames" time="15.565"/>
  <system-out/>
  <testcase classname="selenium.Alerts_messageBox_Frames" name="AlertMessages" time="14.770"/>
  <system-out/>
</testsuite> <!-- selenium.Alerts_messageBox_Frames -->
