<?xml version="1.0" encoding="UTF-8"?>
<!-- Generated by org.testng.reporters.JUnitReportReporter -->
<testsuite hostname="aVis-mach1ne" failures="0" tests="6" name="testNG.Groups_Priorities_Parameterized_Tests" time="0.002" errors="0" timestamp="2022-02-10T23:54:14 IST" skipped="0">
  <testcase classname="testNG.Groups_Priorities_Parameterized_Tests" name="test_method3" time="0.000"/>
  <system-out/>
  <testcase classname="testNG.Groups_Priorities_Parameterized_Tests" name="test_method1" time="0.000"/>
  <system-out/>
  <testcase classname="testNG.Groups_Priorities_Parameterized_Tests" name="parameterizedTest" time="0.001"/>
  <system-out/>
  <testcase classname="testNG.Groups_Priorities_Parameterized_Tests" name="test_method2" time="0.000"/>
  <system-out/>
  <testcase classname="testNG.Groups_Priorities_Parameterized_Tests" name="priority_method1" time="0.000"/>
  <system-out/>
  <testcase classname="testNG.Groups_Priorities_Parameterized_Tests" name="priority_method2" time="0.001"/>
  <system-out/>
</testsuite> <!-- testNG.Groups_Priorities_Parameterized_Tests -->
